<?xml version="1.0" encoding="UTF-8"?>
<testsuites name="jest tests" tests="2" failures="0" errors="0" time="2.528">
  <testsuite name="HttpBuildCacheProvider" errors="0" failures="0" skipped="0" timestamp="2024-09-22T22:13:50" time="2.16" tests="2">
    <testcase classname="HttpBuildCacheProvider tryGetCacheEntryBufferByIdAsync &gt; " name="prints warning if read credentials are not available (lib/test/HttpBuildCacheProvider.test.js)" time="0.06">
    </testcase>
    <testcase classname="HttpBuildCacheProvider tryGetCacheEntryBufferByIdAsync &gt; " name="attempts up to 3 times to download a cache entry (lib/test/HttpBuildCacheProvider.test.js)" time="0.012">
    </testcase>
  </testsuite>
</testsuites>